# vsim -coverage -l reset_verify.log -c test_bench -voptargs="+cover=bcesft" -assertdebug -do "coverage save -onexit reset_verify.ucdb; log -r /*;run -all" 
# Start time: 10:46:57 on Aug 22,2025
# ** Note: (vsim-3812) Design is being optimized...
# ** Note: (vopt-143) Recognized 1 FSM in module "apb_slave(fast)".
# //  Questa Intel Starter FPGA Edition-64
# //  Version 2023.3 linux_x86_64 Jul 17 2023
# //
# //  Copyright 1991-2023 Mentor Graphics Corporation
# //  All Rights Reserved.
# //
# //  QuestaSim and its associated documentation contain trade
# //  secrets and commercial or financial information that are the property of
# //  Mentor Graphics Corporation and are privileged, confidential,
# //  and exempt from disclosure under the Freedom of Information Act,
# //  5 U.S.C. Section 552. Furthermore, this information
# //  is prohibited from disclosure under the Trade Secrets Act,
# //  18 U.S.C. Section 1905.
# //
# Loading work.test_bench(fast)
# coverage save -onexit reset_verify.ucdb
#  log -r /*
# run -all
# ====PAT NAME: RESET VERIFY===========
# =========================
# PASS:      TCR: actual value=32'h00000100
# =========================
# =========================
# PASS:     TDR0: actual value=32'h00000000
# =========================
# =========================
# PASS:     TDR1: actual value=32'h00000000
# =========================
# =========================
# PASS:    TCMP0: actual value=32'hffffffff
# =========================
# =========================
# PASS:    TCMP1: actual value=32'hffffffff
# =========================
# =========================
# PASS:     TIER: actual value=32'h00000000
# =========================
# =========================
# PASS:     TISR: actual value=32'h00000000
# =========================
# =========================
# PASS:    THCSR: actual value=32'h00000000
# =========================
# reset check while counting
# =========================
# PASS:      TCR: actual value=32'h00000100
# =========================
# =========================
# PASS:     TDR0: actual value=32'h00000000
# =========================
# =========================
# PASS:     TDR1: actual value=32'h00000000
# =========================
# =========================
# PASS:    TCMP0: actual value=32'hffffffff
# =========================
# =========================
# PASS:    TCMP1: actual value=32'hffffffff
# =========================
# =========================
# PASS:     TIER: actual value=32'h00000000
# =========================
# =========================
# PASS:     TISR: actual value=32'h00000000
# =========================
# =========================
# PASS:    THCSR: actual value=32'h00000000
# =========================
# test result is PASSED
# ** Note: $finish    : ../tb/test_bench.v(30)
#    Time: 4625 ns  Iteration: 0  Instance: /test_bench
# Saving coverage database on exit...
# End time: 10:46:58 on Aug 22,2025, Elapsed time: 0:00:01
# Errors: 0, Warnings: 0
