# vsim -coverage -l TCR_access.log -c test_bench -voptargs="+cover=bcesft" -assertdebug -do "coverage save -onexit TCR_access.ucdb; log -r /*;run -all" 
# Start time: 10:47:01 on Aug 22,2025
# ** Note: (vsim-3813) Design is being optimized due to module recompilation...
# ** Note: (vopt-143) Recognized 1 FSM in module "apb_slave(fast)".
# //  Questa Intel Starter FPGA Edition-64
# //  Version 2023.3 linux_x86_64 Jul 17 2023
# //
# //  Copyright 1991-2023 Mentor Graphics Corporation
# //  All Rights Reserved.
# //
# //  QuestaSim and its associated documentation contain trade
# //  secrets and commercial or financial information that are the property of
# //  Mentor Graphics Corporation and are privileged, confidential,
# //  and exempt from disclosure under the Freedom of Information Act,
# //  5 U.S.C. Section 552. Furthermore, this information
# //  is prohibited from disclosure under the Trade Secrets Act,
# //  18 U.S.C. Section 1905.
# //
# Loading work.test_bench(fast)
# coverage save -onexit TCR_access.ucdb
#  log -r /*
# run -all
# ====PAT NAME: TCR_access====
# reset value check
# =========================
# PASS:      TCR: actual value=32'h00000000
# =========================
# R/W access check 
# =========================
# PASS:      TCR: actual value=32'h00000000
# =========================
# =========================
# PASS:      TCR: actual value=32'h00000000
# =========================
# =========================
# PASS:      TCR: actual value=32'h00000501
# =========================
# =========================
# PASS:      TCR: actual value=32'h00000501
# =========================
# =========================
# PASS:         : actual value=32'h00000501
# =========================
# checking prohibited value for div_val)
# pslverr=0 is CORRECT, wdata is not prohibited access
# =========================
# PASS:      TCR: actual value=32'h00000803
# =========================
# pslverr=1 is CORRECT, wdata is prohibited access
# =========================
# PASS:      TCR: actual value=32'h00000100
# =========================
# pslverr=0 is CORRECT, wdata is not prohibited access
# =========================
# PASS:      TCR: actual value=32'h00000703
# =========================
# check timer_en changes from H to L
# =========================
# PASS:     TDR0: actual value=32'h00000000
# =========================
# =========================
# PASS:     TDR1: actual value=32'h00000000
# =========================
# =========================
# PASS:      TCR: actual value=32'h00000703
# =========================
# =========================
# PASS:      TCR: actual value=32'h00000703
# =========================
# =========================
# PASS:         : actual value=32'h00000703
# =========================
# =========================
# PASS:         : actual value=32'h00000703
# =========================
# =========================
# PASS:         : actual value=32'h00000703
# =========================
# =========================
# PASS:         : actual value=32'h00000000
# =========================
# =========================
# PASS:         : actual value=32'h00000000
# =========================
# test result is PASSED
# ** Note: $finish    : ../tb/test_bench.v(30)
#    Time: 10075 ns  Iteration: 0  Instance: /test_bench
# Saving coverage database on exit...
# End time: 10:47:02 on Aug 22,2025, Elapsed time: 0:00:01
# Errors: 0, Warnings: 0
